GC Heap History (10 events):
Event: 3.092 GC heap before
{Heap before GC invocations=3 (full 0):
 PSYoungGen      total 38400K, used 32244K [0x00000000d5d00000, 0x00000000d8780000, 0x0000000100000000)
  eden space 33280K, 81% used [0x00000000d5d00000,0x00000000d7783e20,0x00000000d7d80000)
  from space 5120K, 99% used [0x00000000d8280000,0x00000000d8779510,0x00000000d8780000)
  to   space 5120K, 0% used [0x00000000d7d80000,0x00000000d7d80000,0x00000000d8280000)
 ParOldGen       total 87552K, used 1442K [0x0000000081600000, 0x0000000086b80000, 0x00000000d5d00000)
  object space 87552K, 1% used [0x0000000081600000,0x00000000817689d8,0x0000000086b80000)
 Metaspace       used 20775K, capacity 21090K, committed 21296K, reserved 1067008K
  class space    used 2768K, capacity 2843K, committed 2864K, reserved 1048576K
Event: 3.105 GC heap after
Heap after GC invocations=3 (full 0):
 PSYoungGen      total 38400K, used 5110K [0x00000000d5d00000, 0x00000000d8780000, 0x0000000100000000)
  eden space 33280K, 0% used [0x00000000d5d00000,0x00000000d5d00000,0x00000000d7d80000)
  from space 5120K, 99% used [0x00000000d7d80000,0x00000000d827d9b8,0x00000000d8280000)
  to   space 5120K, 0% used [0x00000000d8280000,0x00000000d8280000,0x00000000d8780000)
 ParOldGen       total 87552K, used 5001K [0x0000000081600000, 0x0000000086b80000, 0x00000000d5d00000)
  object space 87552K, 5% used [0x0000000081600000,0x0000000081ae27a8,0x0000000086b80000)
 Metaspace       used 20775K, capacity 21090K, committed 21296K, reserved 1067008K
  class space    used 2768K, capacity 2843K, committed 2864K, reserved 1048576K
}
Event: 3.105 GC heap before
{Heap before GC invocations=4 (full 1):
 PSYoungGen      total 38400K, used 5110K [0x00000000d5d00000, 0x00000000d8780000, 0x0000000100000000)
  eden space 33280K, 0% used [0x00000000d5d00000,0x00000000d5d00000,0x00000000d7d80000)
  from space 5120K, 99% used [0x00000000d7d80000,0x00000000d827d9b8,0x00000000d8280000)
  to   space 5120K, 0% used [0x00000000d8280000,0x00000000d8280000,0x00000000d8780000)
 ParOldGen       total 87552K, used 5001K [0x0000000081600000, 0x0000000086b80000, 0x00000000d5d00000)
  object space 87552K, 5% used [0x0000000081600000,0x0000000081ae27a8,0x0000000086b80000)
 Metaspace       used 20775K, capacity 21090K, committed 21296K, reserved 1067008K
  class space    used 2768K, capacity 2843K, committed 2864K, reserved 1048576K
Event: 3.148 GC heap after
Heap after GC invocations=4 (full 1):
 PSYoungGen      total 38400K, used 0K [0x00000000d5d00000, 0x00000000d8780000, 0x0000000100000000)
  eden space 33280K, 0% used [0x00000000d5d00000,0x00000000d5d00000,0x00000000d7d80000)
  from space 5120K, 0% used [0x00000000d7d80000,0x00000000d7d80000,0x00000000d8280000)
  to   space 5120K, 0% used [0x00000000d8280000,0x00000000d8280000,0x00000000d8780000)
 ParOldGen       total 68096K, used 8463K [0x0000000081600000, 0x0000000085880000, 0x00000000d5d00000)
  object space 68096K, 12% used [0x0000000081600000,0x0000000081e43cb0,0x0000000085880000)
 Metaspace       used 20775K, capacity 21090K, committed 21296K, reserved 1067008K
  class space    used 2768K, capacity 2843K, committed 2864K, reserved 1048576K
}
Event: 4.340 GC heap before
{Heap before GC invocations=5 (full 1):
 PSYoungGen      total 38400K, used 33280K [0x00000000d5d00000, 0x00000000d8780000, 0x0000000100000000)
  eden space 33280K, 100% used [0x00000000d5d00000,0x00000000d7d80000,0x00000000d7d80000)
  from space 5120K, 0% used [0x00000000d7d80000,0x00000000d7d80000,0x00000000d8280000)
  to   space 5120K, 0% used [0x00000000d8280000,0x00000000d8280000,0x00000000d8780000)
 ParOldGen       total 68096K, used 8463K [0x0000000081600000, 0x0000000085880000, 0x00000000d5d00000)
  object space 68096K, 12% used [0x0000000081600000,0x0000000081e43cb0,0x0000000085880000)
 Metaspace       used 27280K, capacity 27634K, committed 27952K, reserved 1073152K
  class space    used 3761K, capacity 3859K, committed 3888K, reserved 1048576K
Event: 4.351 GC heap after
Heap after GC invocations=5 (full 1):
 PSYoungGen      total 38400K, used 5096K [0x00000000d5d00000, 0x00000000d9380000, 0x0000000100000000)
  eden space 33280K, 0% used [0x00000000d5d00000,0x00000000d5d00000,0x00000000d7d80000)
  from space 5120K, 99% used [0x00000000d8280000,0x00000000d877a288,0x00000000d8780000)
  to   space 5120K, 0% used [0x00000000d7d80000,0x00000000d7d80000,0x00000000d8280000)
 ParOldGen       total 68096K, used 9566K [0x0000000081600000, 0x0000000085880000, 0x00000000d5d00000)
  object space 68096K, 14% used [0x0000000081600000,0x0000000081f57810,0x0000000085880000)
 Metaspace       used 27280K, capacity 27634K, committed 27952K, reserved 1073152K
  class space    used 3761K, capacity 3859K, committed 3888K, reserved 1048576K
}
Event: 5.302 GC heap before
{Heap before GC invocations=6 (full 1):
 PSYoungGen      total 38400K, used 28460K [0x00000000d5d00000, 0x00000000d9380000, 0x0000000100000000)
  eden space 33280K, 70% used [0x00000000d5d00000,0x00000000d73d0f38,0x00000000d7d80000)
  from space 5120K, 99% used [0x00000000d8280000,0x00000000d877a288,0x00000000d8780000)
  to   space 5120K, 0% used [0x00000000d7d80000,0x00000000d7d80000,0x00000000d8280000)
 ParOldGen       total 68096K, used 9566K [0x0000000081600000, 0x0000000085880000, 0x00000000d5d00000)
  object space 68096K, 14% used [0x0000000081600000,0x0000000081f57810,0x0000000085880000)
 Metaspace       used 34651K, capacity 35054K, committed 35496K, reserved 1079296K
  class space    used 4781K, capacity 4893K, committed 4912K, reserved 1048576K
Event: 5.308 GC heap after
Heap after GC invocations=6 (full 1):
 PSYoungGen      total 38400K, used 4435K [0x00000000d5d00000, 0x00000000d9d00000, 0x0000000100000000)
  eden space 33280K, 0% used [0x00000000d5d00000,0x00000000d5d00000,0x00000000d7d80000)
  from space 5120K, 86% used [0x00000000d7d80000,0x00000000d81d4f70,0x00000000d8280000)
  to   space 10240K, 0% used [0x00000000d9300000,0x00000000d9300000,0x00000000d9d00000)
 ParOldGen       total 68096K, used 9574K [0x0000000081600000, 0x0000000085880000, 0x00000000d5d00000)
  object space 68096K, 14% used [0x0000000081600000,0x0000000081f59810,0x0000000085880000)
 Metaspace       used 34651K, capacity 35054K, committed 35496K, reserved 1079296K
  class space    used 4781K, capacity 4893K, committed 4912K, reserved 1048576K
}
Event: 5.308 GC heap before
{Heap before GC invocations=7 (full 2):
 PSYoungGen      total 38400K, used 4435K [0x00000000d5d00000, 0x00000000d9d00000, 0x0000000100000000)
  eden space 33280K, 0% used [0x00000000d5d00000,0x00000000d5d00000,0x00000000d7d80000)
  from space 5120K, 86% used [0x00000000d7d80000,0x00000000d81d4f70,0x00000000d8280000)
  to   space 10240K, 0% used [0x00000000d9300000,0x00000000d9300000,0x00000000d9d00000)
 ParOldGen       total 68096K, used 9574K [0x0000000081600000, 0x0000000085880000, 0x00000000d5d00000)
  object space 68096K, 14% used [0x0000000081600000,0x0000000081f59810,0x0000000085880000)
 Metaspace       used 34651K, capacity 35054K, committed 35496K, reserved 1079296K
  class space    used 4781K, capacity 4893K, committed 4912K, reserved 1048576K
Event: 5.375 GC heap after
Heap after GC invocations=7 (full 2):
 PSYoungGen      total 38400K, used 0K [0x00000000d5d00000, 0x00000000d9d00000, 0x0000000100000000)
  eden space 33280K, 0% used [0x00000000d5d00000,0x00000000d5d00000,0x00000000d7d80000)
  from space 5120K, 0% used [0x00000000d7d80000,0x00000000d7d80000,0x00000000d8280000)
  to   space 10240K, 0% used [0x00000000d9300000,0x00000000d9300000,0x00000000d9d00000)
 ParOldGen       total 110080K, used 8993K [0x0000000081600000, 0x0000000088180000, 0x00000000d5d00000)
  object space 110080K, 8% used [0x0000000081600000,0x0000000081ec85c8,0x0000000088180000)
 Metaspace       used 34651K, capacity 35054K, committed 35496K, reserved 1079296K
  class space    used 4781K, capacity 4893K, committed 4912K, reserved 1048576K
}

